  Application.cpp
Application.obj : error LNK2001: unresolved external symbol glfwSwapBuffers
Application.obj : error LNK2001: unresolved external symbol __glewEnableVertexAttribArray
Application.obj : error LNK2001: unresolved external symbol __glewUseProgram
Application.obj : error LNK2001: unresolved external symbol __glewVertexAttribPointer
Application.obj : error LNK2001: unresolved external symbol __glewGetShaderiv
Application.obj : error LNK2001: unresolved external symbol __glewCompileShader
Application.obj : error LNK2001: unresolved external symbol __glewCreateShader
Application.obj : error LNK2001: unresolved external symbol __glewBindBuffer
Application.obj : error LNK2001: unresolved external symbol __glewCreateProgram
Application.obj : error LNK2001: unresolved external symbol __glewGetShaderInfoLog
Application.obj : error LNK2001: unresolved external symbol __glewValidateProgram
Application.obj : error LNK2001: unresolved external symbol glfwTerminate
Application.obj : error LNK2001: unresolved external symbol glfwPollEvents
Application.obj : error LNK2001: unresolved external symbol glfwInit
Application.obj : error LNK2001: unresolved external symbol glfwCreateWindow
Application.obj : error LNK2001: unresolved external symbol glfwMakeContextCurrent
Application.obj : error LNK2001: unresolved external symbol __glewBufferData
Application.obj : error LNK2001: unresolved external symbol __glewAttachShader
Application.obj : error LNK2001: unresolved external symbol __glewDeleteProgram
Application.obj : error LNK2001: unresolved external symbol __glewShaderSource
Application.obj : error LNK2001: unresolved external symbol __glewGenBuffers
Application.obj : error LNK2001: unresolved external symbol __glewDeleteShader
Application.obj : error LNK2001: unresolved external symbol __glewLinkProgram
Application.obj : error LNK2001: unresolved external symbol glfwWindowShouldClose
Application.obj : error LNK2001: unresolved external symbol glewInit
C:\Users\SAGAR\Documents\Development\OpenGL_TheCherno\OpenGL\x64\Release\OpenGL.exe : fatal error LNK1120: 25 unresolved externals
